<?xml version="1.0" encoding="UTF-8"?>
<testng-results skipped="0" failed="0" ignored="0" total="1" passed="1">
  <reporter-output>
  </reporter-output>
  <suite name="Default suite" duration-ms="1036" started-at="2021-03-30T13:01:20Z" finished-at="2021-03-30T13:01:21Z">
    <groups>
    </groups>
    <test name="Default test" duration-ms="1036" started-at="2021-03-30T13:01:20Z" finished-at="2021-03-30T13:01:21Z">
      <class name="com.qa.rest.test.APITest">
        <test-method status="PASS" signature="setUp()[pri:0, instance:com.qa.rest.test.APITest@29ee9faa]" name="setUp" is-config="true" duration-ms="0" started-at="2021-03-30T18:31:20Z" finished-at="2021-03-30T18:31:20Z">
          <reporter-output>
          </reporter-output>
        </test-method> <!-- setUp -->
        <test-method status="PASS" signature="getAPITestWithoutHeaders()[pri:1, instance:com.qa.rest.test.APITest@29ee9faa]" name="getAPITestWithoutHeaders" duration-ms="1004" started-at="2021-03-30T18:31:20Z" finished-at="2021-03-30T18:31:21Z">
          <reporter-output>
          </reporter-output>
        </test-method> <!-- getAPITestWithoutHeaders -->
      </class> <!-- com.qa.rest.test.APITest -->
    </test> <!-- Default test -->
  </suite> <!-- Default suite -->
</testng-results>
